<?xml version="1.0" encoding="UTF-8"?>
<testsuite name="org.zerock.guestbook.service.GuestbookServiceTests" tests="1" skipped="0" failures="0" errors="0" timestamp="2021-01-20T08:07:12" hostname="NHNui-MacBookPro.local" time="0.37">
  <properties/>
  <testcase name="testSearch()" classname="org.zerock.guestbook.service.GuestbookServiceTests" time="0.37"/>
  <system-out><![CDATA[17:07:03.659 [Test worker] DEBUG org.springframework.test.context.BootstrapUtils - Instantiating CacheAwareContextLoaderDelegate from class [org.springframework.test.context.cache.DefaultCacheAwareContextLoaderDelegate]
17:07:03.667 [Test worker] DEBUG org.springframework.test.context.BootstrapUtils - Instantiating BootstrapContext using constructor [public org.springframework.test.context.support.DefaultBootstrapContext(java.lang.Class,org.springframework.test.context.CacheAwareContextLoaderDelegate)]
17:07:03.690 [Test worker] DEBUG org.springframework.test.context.BootstrapUtils - Instantiating TestContextBootstrapper for test class [org.zerock.guestbook.service.GuestbookServiceTests] from class [org.springframework.boot.test.context.SpringBootTestContextBootstrapper]
17:07:03.698 [Test worker] INFO org.springframework.boot.test.context.SpringBootTestContextBootstrapper - Neither @ContextConfiguration nor @ContextHierarchy found for test class [org.zerock.guestbook.service.GuestbookServiceTests], using SpringBootContextLoader
17:07:03.700 [Test worker] DEBUG org.springframework.test.context.support.AbstractContextLoader - Did not detect default resource location for test class [org.zerock.guestbook.service.GuestbookServiceTests]: class path resource [org/zerock/guestbook/service/GuestbookServiceTests-context.xml] does not exist
17:07:03.701 [Test worker] DEBUG org.springframework.test.context.support.AbstractContextLoader - Did not detect default resource location for test class [org.zerock.guestbook.service.GuestbookServiceTests]: class path resource [org/zerock/guestbook/service/GuestbookServiceTestsContext.groovy] does not exist
17:07:03.701 [Test worker] INFO org.springframework.test.context.support.AbstractContextLoader - Could not detect default resource locations for test class [org.zerock.guestbook.service.GuestbookServiceTests]: no resource found for suffixes {-context.xml, Context.groovy}.
17:07:03.701 [Test worker] INFO org.springframework.test.context.support.AnnotationConfigContextLoaderUtils - Could not detect default configuration classes for test class [org.zerock.guestbook.service.GuestbookServiceTests]: GuestbookServiceTests does not declare any static, non-private, non-final, nested classes annotated with @Configuration.
17:07:03.730 [Test worker] DEBUG org.springframework.test.context.support.ActiveProfilesUtils - Could not find an 'annotation declaring class' for annotation type [org.springframework.test.context.ActiveProfiles] and class [org.zerock.guestbook.service.GuestbookServiceTests]
17:07:03.771 [Test worker] DEBUG org.springframework.context.annotation.ClassPathScanningCandidateComponentProvider - Identified candidate component class: file [/Users/nhn/Documents/workspace/guestbook/build/classes/java/main/org/zerock/guestbook/GuestbookApplication.class]
17:07:03.772 [Test worker] INFO org.springframework.boot.test.context.SpringBootTestContextBootstrapper - Found @SpringBootConfiguration org.zerock.guestbook.GuestbookApplication for test class org.zerock.guestbook.service.GuestbookServiceTests
17:07:03.847 [Test worker] DEBUG org.springframework.boot.test.context.SpringBootTestContextBootstrapper - @TestExecutionListeners is not present for class [org.zerock.guestbook.service.GuestbookServiceTests]: using defaults.
17:07:03.847 [Test worker] INFO org.springframework.boot.test.context.SpringBootTestContextBootstrapper - Loaded default TestExecutionListener class names from location [META-INF/spring.factories]: [org.springframework.boot.test.autoconfigure.restdocs.RestDocsTestExecutionListener, org.springframework.boot.test.autoconfigure.web.client.MockRestServiceServerResetTestExecutionListener, org.springframework.boot.test.autoconfigure.web.servlet.MockMvcPrintOnlyOnFailureTestExecutionListener, org.springframework.boot.test.autoconfigure.web.servlet.WebDriverTestExecutionListener, org.springframework.boot.test.autoconfigure.webservices.client.MockWebServiceServerTestExecutionListener, org.springframework.boot.test.mock.mockito.MockitoTestExecutionListener, org.springframework.boot.test.mock.mockito.ResetMocksTestExecutionListener, org.springframework.test.context.web.ServletTestExecutionListener, org.springframework.test.context.support.DirtiesContextBeforeModesTestExecutionListener, org.springframework.test.context.event.ApplicationEventsTestExecutionListener, org.springframework.test.context.support.DependencyInjectionTestExecutionListener, org.springframework.test.context.support.DirtiesContextTestExecutionListener, org.springframework.test.context.transaction.TransactionalTestExecutionListener, org.springframework.test.context.jdbc.SqlScriptsTestExecutionListener, org.springframework.test.context.event.EventPublishingTestExecutionListener]
17:07:03.861 [Test worker] INFO org.springframework.boot.test.context.SpringBootTestContextBootstrapper - Using TestExecutionListeners: [org.springframework.test.context.web.ServletTestExecutionListener@31687394, org.springframework.test.context.support.DirtiesContextBeforeModesTestExecutionListener@4c64b3cd, org.springframework.test.context.event.ApplicationEventsTestExecutionListener@3b1f730, org.springframework.boot.test.mock.mockito.MockitoTestExecutionListener@21f385f7, org.springframework.boot.test.autoconfigure.SpringBootDependencyInjectionTestExecutionListener@53f5a68e, org.springframework.test.context.support.DirtiesContextTestExecutionListener@3ae69de6, org.springframework.test.context.transaction.TransactionalTestExecutionListener@36e2e5fd, org.springframework.test.context.jdbc.SqlScriptsTestExecutionListener@b8302eb, org.springframework.test.context.event.EventPublishingTestExecutionListener@753c04c3, org.springframework.boot.test.autoconfigure.restdocs.RestDocsTestExecutionListener@7b3bbe2f, org.springframework.boot.test.autoconfigure.web.client.MockRestServiceServerResetTestExecutionListener@5ad761b8, org.springframework.boot.test.autoconfigure.web.servlet.MockMvcPrintOnlyOnFailureTestExecutionListener@49d0b453, org.springframework.boot.test.autoconfigure.web.servlet.WebDriverTestExecutionListener@5cdfbbb6, org.springframework.boot.test.autoconfigure.webservices.client.MockWebServiceServerTestExecutionListener@7a33bcc4, org.springframework.boot.test.mock.mockito.ResetMocksTestExecutionListener@1b88c89b]
17:07:03.864 [Test worker] DEBUG org.springframework.test.context.support.AbstractDirtiesContextTestExecutionListener - Before test class: context [DefaultTestContext@7c80886c testClass = GuestbookServiceTests, testInstance = [null], testMethod = [null], testException = [null], mergedContextConfiguration = [WebMergedContextConfiguration@59ed95d0 testClass = GuestbookServiceTests, locations = '{}', classes = '{class org.zerock.guestbook.GuestbookApplication}', contextInitializerClasses = '[]', activeProfiles = '{}', propertySourceLocations = '{}', propertySourceProperties = '{org.springframework.boot.test.context.SpringBootTestContextBootstrapper=true}', contextCustomizers = set[org.springframework.boot.test.autoconfigure.actuate.metrics.MetricsExportContextCustomizerFactory$DisableMetricExportContextCustomizer@4f7fabeb, org.springframework.boot.test.autoconfigure.properties.PropertyMappingContextCustomizer@0, org.springframework.boot.test.autoconfigure.web.servlet.WebDriverContextCustomizerFactory$Customizer@37a2e0d8, org.springframework.boot.test.context.filter.ExcludeFilterContextCustomizer@78773257, org.springframework.boot.test.json.DuplicateJsonObjectContextCustomizerFactory$DuplicateJsonObjectContextCustomizer@6a1a9151, org.springframework.boot.test.mock.mockito.MockitoContextCustomizer@0, org.springframework.boot.test.web.client.TestRestTemplateContextCustomizer@14e66143, org.springframework.boot.test.context.SpringBootTestArgs@1, org.springframework.boot.test.context.SpringBootTestWebEnvironment@4ae32451], resourceBasePath = 'src/main/webapp', contextLoader = 'org.springframework.boot.test.context.SpringBootContextLoader', parent = [null]], attributes = map['org.springframework.test.context.web.ServletTestExecutionListener.activateListener' -> true]], class annotated with @DirtiesContext [false] with mode [null].
17:07:03.888 [Test worker] DEBUG org.springframework.test.context.support.TestPropertySourceUtils - Adding inlined properties to environment: {spring.jmx.enabled=false, org.springframework.boot.test.context.SpringBootTestContextBootstrapper=true}

  .   ____          _            __ _ _
 /\\ / ___'_ __ _ _(_)_ __  __ _ \ \ \ \
( ( )\___ | '_ | '_| | '_ \/ _` | \ \ \ \
 \\/  ___)| |_)| | | | | || (_| |  ) ) ) )
  '  |____| .__|_| |_|_| |_\__, | / / / /
 =========|_|==============|___/=/_/_/_/
 :: Spring Boot ::                (v2.4.2)

2021-01-20 17:07:09.150  INFO 4569 --- [    Test worker] o.z.g.service.GuestbookServiceTests      : Starting GuestbookServiceTests using Java 11.0.9.1 on NHNui-MacBookPro.local with PID 4569 (started by nhn in /Users/nhn/Documents/workspace/guestbook)
2021-01-20 17:07:09.153  INFO 4569 --- [    Test worker] o.z.g.service.GuestbookServiceTests      : No active profile set, falling back to default profiles: default
2021-01-20 17:07:10.223  INFO 4569 --- [    Test worker] .s.d.r.c.RepositoryConfigurationDelegate : Bootstrapping Spring Data JPA repositories in DEFAULT mode.
2021-01-20 17:07:10.285  INFO 4569 --- [    Test worker] .s.d.r.c.RepositoryConfigurationDelegate : Finished Spring Data repository scanning in 55 ms. Found 1 JPA repository interfaces.
2021-01-20 17:07:10.807  INFO 4569 --- [    Test worker] o.hibernate.jpa.internal.util.LogHelper  : HHH000204: Processing PersistenceUnitInfo [name: default]
2021-01-20 17:07:10.854  INFO 4569 --- [    Test worker] org.hibernate.Version                    : HHH000412: Hibernate ORM core version 5.4.27.Final
2021-01-20 17:07:10.979  INFO 4569 --- [    Test worker] o.hibernate.annotations.common.Version   : HCANN000001: Hibernate Commons Annotations {5.1.2.Final}
2021-01-20 17:07:11.074  INFO 4569 --- [    Test worker] com.zaxxer.hikari.HikariDataSource       : HikariPool-1 - Starting...
2021-01-20 17:07:11.153  INFO 4569 --- [    Test worker] com.zaxxer.hikari.HikariDataSource       : HikariPool-1 - Start completed.
2021-01-20 17:07:11.180  INFO 4569 --- [    Test worker] org.hibernate.dialect.Dialect            : HHH000400: Using dialect: org.hibernate.dialect.MariaDB103Dialect
2021-01-20 17:07:11.694  INFO 4569 --- [    Test worker] o.h.e.t.j.p.i.JtaPlatformInitiator       : HHH000490: Using JtaPlatform implementation: [org.hibernate.engine.transaction.jta.platform.internal.NoJtaPlatform]
2021-01-20 17:07:11.702  INFO 4569 --- [    Test worker] j.LocalContainerEntityManagerFactoryBean : Initialized JPA EntityManagerFactory for persistence unit 'default'
2021-01-20 17:07:12.212  WARN 4569 --- [    Test worker] JpaBaseConfiguration$JpaWebConfiguration : spring.jpa.open-in-view is enabled by default. Therefore, database queries may be performed during view rendering. Explicitly configure spring.jpa.open-in-view to disable this warning
2021-01-20 17:07:12.405  INFO 4569 --- [    Test worker] o.s.s.concurrent.ThreadPoolTaskExecutor  : Initializing ExecutorService 'applicationTaskExecutor'
2021-01-20 17:07:12.519  INFO 4569 --- [    Test worker] o.s.b.a.w.s.WelcomePageHandlerMapping    : Adding welcome page: class path resource [static/index.html]
2021-01-20 17:07:12.815  INFO 4569 --- [    Test worker] o.z.g.service.GuestbookServiceTests      : Started GuestbookServiceTests in 8.92 seconds (JVM running for 9.79)
Hibernate: 
    select
        guestbook0_.gno as gno1_0_,
        guestbook0_.moddate as moddate2_0_,
        guestbook0_.regdate as regdate3_0_,
        guestbook0_.content as content4_0_,
        guestbook0_.title as title5_0_,
        guestbook0_.writer as writer6_0_ 
    from
        guestbook guestbook0_ 
    where
        guestbook0_.gno>? 
        and (
            guestbook0_.title like ? escape '!' 
            or guestbook0_.content like ? escape '!'
        ) 
    order by
        guestbook0_.gno desc limit ?
PREV: false
NEXT: false
TOTAL: 1
-------------------------
GuestbookDTO(gno=303, title=방명록 테스트2, content=방명록 테스트, writer=tester, regDate=2021-01-20T14:59:54.068449, modDate=2021-01-20T14:59:54.068449)
GuestbookDTO(gno=302, title=방명록 테스트, content=방명록 테스트, writer=tester, regDate=2021-01-20T14:54:34.316412, modDate=2021-01-20T14:54:34.316412)
=========================
1
]]></system-out>
  <system-err><![CDATA[]]></system-err>
</testsuite>
